<?xml version="1.0" encoding="UTF-8"?>
<!-- Generated by org.testng.reporters.JUnitReportReporter -->
<testsuite hostname="LTIN166548" failures="0" tests="4" name="testCase.TestCase" time="56.426" errors="0" timestamp="2024-03-05T12:16:26 IST" skipped="0">
  <testcase classname="testCase.TestCase" name="search_functionality" time="49.053"/>
  <system-out/>
  <testcase classname="testCase.TestCase" name="filter_functionality" time="4.756"/>
  <system-out/>
  <testcase classname="testCase.TestCase" name="check_sortfuction" time="1.562"/>
  <system-out/>
  <testcase classname="testCase.TestCase" name="check_and_print" time="1.055"/>
  <system-out/>
</testsuite> <!-- testCase.TestCase -->
