<?xml version="1.0" encoding="UTF-8"?>
<!-- Generated by org.testng.reporters.JUnitReportReporter -->
<testsuite hostname="LTIN166548" failures="0" tests="1" name="testCase.TestCase2" time="7.313" errors="0" timestamp="2024-03-05T12:16:26 IST" skipped="0">
  <testcase classname="testCase.TestCase2" name="submenu_printcheck" time="7.313"/>
  <system-out/>
</testsuite> <!-- testCase.TestCase2 -->
