<?xml version="1.0" encoding="UTF-8"?>
<!-- Generated by org.testng.reporters.JUnitReportReporter -->
<testsuite hostname="LTIN166548" failures="0" tests="2" name="testCase.TestCase3" time="14.321" errors="0" timestamp="2024-03-05T12:16:26 IST" skipped="0">
  <testcase classname="testCase.TestCase3" name="choose_giftcard_validate" time="12.958"/>
  <system-out/>
  <testcase classname="testCase.TestCase3" name="checkout_validation" time="1.363"/>
  <system-out/>
</testsuite> <!-- testCase.TestCase3 -->
