<?xml version="1.0" encoding="UTF-8"?>
<!-- Generated by org.testng.reporters.JUnitReportReporter -->
<testsuite hostname="LTIN166548" failures="0" tests="7" name="testNG.testng" time="70.741" errors="0" timestamp="2024-02-25T16:53:18 IST" skipped="0">
  <testcase classname="testNG.testng" name="search_functionality" time="14.584"/>
  <system-out/>
  <testcase classname="testNG.testng" name="filter_functionality" time="6.035"/>
  <system-out/>
  <testcase classname="testNG.testng" name="check_sortfuction" time="3.224"/>
  <system-out/>
  <testcase classname="testNG.testng" name="check_and_print" time="3.531"/>
  <system-out/>
  <testcase classname="testNG.testng" name="submenu_printcheck" time="9.555"/>
  <system-out/>
  <testcase classname="testNG.testng" name="choose_giftcard_validate" time="31.505"/>
  <system-out/>
  <testcase classname="testNG.testng" name="checkout_validation" time="2.307"/>
  <system-out/>
</testsuite> <!-- testNG.testng -->
